0 info it worked if it ends with ok
1 verbose cli [ '/usr/local/bin/node', '/usr/local/bin/npm', 'run', 'test:i' ]
2 info using npm@3.3.12
3 info using node@v5.1.1
4 verbose run-script [ 'pretest:i', 'test:i', 'posttest:i' ]
5 info lifecycle connect-fun@1.0.0~pretest:i: connect-fun@1.0.0
6 silly lifecycle connect-fun@1.0.0~pretest:i: no script for pretest:i, continuing
7 info lifecycle connect-fun@1.0.0~test:i: connect-fun@1.0.0
8 verbose lifecycle connect-fun@1.0.0~test:i: unsafe-perm in lifecycle true
9 verbose lifecycle connect-fun@1.0.0~test:i: PATH: /usr/local/lib/node_modules/npm/bin/node-gyp-bin:/Users/apprentice/workspace/kereru/mixbank-app/node_modules/.bin:/Users/apprentice/.rbenv/shims:/usr/local/bin:/usr/local/bin:/usr/bin:/bin:/usr/sbin:/sbin
10 verbose lifecycle connect-fun@1.0.0~test:i: CWD: /Users/apprentice/workspace/kereru/mixbank-app
11 silly lifecycle connect-fun@1.0.0~test:i: Args: [ '-c', 'chimp' ]
12 silly lifecycle connect-fun@1.0.0~test:i: Returned: code: 2  signal: null
13 info lifecycle connect-fun@1.0.0~test:i: Failed to exec test:i script
14 verbose stack Error: connect-fun@1.0.0 test:i: `chimp`
14 verbose stack Exit status 2
14 verbose stack     at EventEmitter.<anonymous> (/usr/local/lib/node_modules/npm/lib/utils/lifecycle.js:232:16)
14 verbose stack     at emitTwo (events.js:87:13)
14 verbose stack     at EventEmitter.emit (events.js:172:7)
14 verbose stack     at ChildProcess.<anonymous> (/usr/local/lib/node_modules/npm/lib/utils/spawn.js:24:14)
14 verbose stack     at emitTwo (events.js:87:13)
14 verbose stack     at ChildProcess.emit (events.js:172:7)
14 verbose stack     at maybeClose (internal/child_process.js:818:16)
14 verbose stack     at Process.ChildProcess._handle.onexit (internal/child_process.js:211:5)
15 verbose pkgid connect-fun@1.0.0
16 verbose cwd /Users/apprentice/workspace/kereru/mixbank-app
17 error Darwin 14.1.0
18 error argv "/usr/local/bin/node" "/usr/local/bin/npm" "run" "test:i"
19 error node v5.1.1
20 error npm  v3.3.12
21 error code ELIFECYCLE
22 error connect-fun@1.0.0 test:i: `chimp`
22 error Exit status 2
23 error Failed at the connect-fun@1.0.0 test:i script 'chimp'.
23 error Make sure you have the latest version of node.js and npm installed.
23 error If you do, this is most likely a problem with the connect-fun package,
23 error not with npm itself.
23 error Tell the author that this fails on your system:
23 error     chimp
23 error You can get their info via:
23 error     npm owner ls connect-fun
23 error There is likely additional logging output above.
24 verbose exit [ 1, true ]
